D:\BRIDGE DESIGN\UIT BRIDGES\Sukanaka Bridge\Sukanaka january 2009\ABUTMENT BRDGE SUKANAKA BRIDGE.dwg,Model,1/27/2009 11:16:18 AM,RAJKUMAR,Canon LASER SHOT LBP-1210,A4,1:118.747,
D:\BRIDGE DESIGN\UIT BRIDGES\Sukanaka Bridge\Sukanaka january 2009\ABUTMENT BRDGE SUKANAKA BRIDGE.dwg,Model,1/27/2009 11:17:08 AM,RAJKUMAR,Canon LASER SHOT LBP-1210,A4,1:84.2621,
D:\BRIDGE DESIGN\UIT BRIDGES\Sukanaka Bridge\Sukanaka january 2009\ABUTMENT BRDGE SUKANAKA BRIDGE.dwg,Model,1/27/2009 11:18:13 AM,RAJKUMAR,Canon LASER SHOT LBP-1210,A4,1:84.2621,
D:\BRIDGE DESIGN\UIT BRIDGES\Sukanaka Bridge\Sukanaka january 2009\ABUTMENT BRDGE SUKANAKA BRIDGE.dwg,Model,1/27/2009 11:38:57 AM,RAJKUMAR,Canon LASER SHOT LBP-1210,A4,1:120.215,
D:\BRIDGE DESIGN\UIT BRIDGES\Sukanaka Bridge\Sukanaka january 2009\ABUTMENT BRDGE SUKANAKA BRIDGE.dwg,Model,1/27/2009 11:43:27 AM,RAJKUMAR,Canon LASER SHOT LBP-1210 (Copy 2),A4,1:120.713,
D:\BRIDGE DESIGN\UIT BRIDGES\Sukanaka Bridge\Sukanaka january 2009\ABUTMENT BRDGE SUKANAKA BRIDGE.dwg,Model,1/27/2009 11:43:56 AM,RAJKUMAR,Canon LASER SHOT LBP-1210 (Copy 2),A4,1:83.13,
D:\BRIDGE DESIGN\UIT BRIDGES\Sukanaka Bridge\Sukanaka january 2009\ABUTMENT BRDGE SUKANAKA BRIDGE.dwg,Model,1/27/2009 11:44:24 AM,RAJKUMAR,Canon LASER SHOT LBP-1210 (Copy 2),A4,1:32.356,
D:\BRIDGE DESIGN\UIT BRIDGES\Sukanaka Bridge\Sukanaka january 2009\DECK SLAB ARRANGEMENT.dwg,Model,1/27/2009 11:55:24 AM,RAJKUMAR,Canon LASER SHOT LBP-1210,A4,1:96.7988,
D:\BRIDGE DESIGN\UIT BRIDGES\Sukanaka Bridge\Sukanaka january 2009\DECK SLAB ARRANGEMENT.dwg,Model,1/27/2009 11:58:16 AM,RAJKUMAR,Canon LASER SHOT LBP-1210.pc3,A4,1:96.7988,
D:\BRIDGE DESIGN\UIT BRIDGES\Sukanaka Bridge\Sukanaka january 2009\DECK SLAB ARRANGEMENT.dwg,Model,1/27/2009 12:11:22 PM,RAJKUMAR,Canon LASER SHOT LBP-1210,A4,1:96.7988,
D:\BRIDGE DESIGN\UIT BRIDGES\Sukanaka Bridge\Sukanaka january 2009\DECK SLAB ARRANGEMENT.dwg,Model,1/27/2009 12:11:58 PM,RAJKUMAR,Canon LASER SHOT LBP-1210,A4,1:96.7988,
D:\BRIDGE DESIGN\UIT BRIDGES\Sukanaka Bridge\Sukanaka january 2009\DECK SLAB ARRANGEMENT.dwg,Model,1/27/2009 12:13:06 PM,RAJKUMAR,Canon LASER SHOT LBP-1210,A4,1:96.7988,
D:\BRIDGE DESIGN\UIT BRIDGES\Sukanaka Bridge\Sukanaka january 2009\DECK SLAB ARRANGEMENT.dwg,Model,1/27/2009 12:13:47 PM,RAJKUMAR,Canon LASER SHOT LBP-1210,A4,1:96.7988,
D:\BRIDGE DESIGN\UIT BRIDGES\Sukanaka Bridge\Sukanaka january 2009\GAD BRIDGE SUKANAKA NALAH ON UDAIPUR- JHAMAR KOTADA ROAD NEAR MATOON VILLAGE.dwg,Model,1/27/2009 12:24:59 PM,RAJKUMAR,Canon LASER SHOT LBP-1210,A4,1:374.105,
D:\BRIDGE DESIGN\UIT BRIDGES\Sukanaka Bridge\Sukanaka january 2009\ABUTMENT BRDGE SUKANAKA BRIDGE.dwg,Model,1/27/2009 3:26:51 PM,RAJKUMAR,Canon LASER SHOT LBP-1210,A4,1:118.97,
D:\BRIDGE DESIGN\UIT BRIDGES\Sukanaka Bridge\Sukanaka january 2009\ABUTMENT BRDGE SUKANAKA BRIDGE.dwg,Model,1/27/2009 3:27:14 PM,RAJKUMAR,Canon LASER SHOT LBP-1210,A4,1:84.1255,
D:\BRIDGE DESIGN\UIT BRIDGES\Sukanaka Bridge\Sukanaka january 2009\ABUTMENT BRDGE SUKANAKA BRIDGE.dwg,Model,1/27/2009 3:27:36 PM,RAJKUMAR,Canon LASER SHOT LBP-1210,A4,1:30.6137,
D:\BRIDGE DESIGN\UIT BRIDGES\Sukanaka Bridge\Sukanaka january 2009\DET BRIDGE sISARAMA.dwg,Model,1/27/2009 3:33:58 PM,RAJKUMAR,Canon LASER SHOT LBP-1210,A4,1:0.413691,
D:\BRIDGE DESIGN\UIT BRIDGES\Sukanaka Bridge\Sukanaka january 2009\DET BRIDGE sISARAMA.dwg,Model,1/27/2009 3:34:25 PM,RAJKUMAR,Canon LASER SHOT LBP-1210,A4,1:0.407239,
D:\BRIDGE DESIGN\UIT BRIDGES\Sukanaka Bridge\Sukanaka january 2009\DET BRIDGE sISARAMA.dwg,Model,1/27/2009 3:37:59 PM,RAJKUMAR,Canon LASER SHOT LBP-1210.pc3,A4,1:0.458465,
D:\BRIDGE DESIGN\UIT BRIDGES\SISARAMA BRIDGE\Sisarama january 2009\DET BRIDGE sISARAMA.dwg,Model,3/6/2009 8:44:09 AM,RAJKUMAR,Canon LASER SHOT LBP-1210 (temporary).pc3,A4,1:0.584721,
